<?xml version="1.0" encoding="UTF-8"?>
<testsuite name="com.ecommerce.service.OrderItemServiceTest" tests="8" skipped="0" failures="0" errors="0" timestamp="2024-08-01T17:38:41" hostname="LAPTOP-8K6PD1RG" time="0.334">
  <properties/>
  <testcase name="createOrderItem()" classname="com.ecommerce.service.OrderItemServiceTest" time="0.295"/>
  <testcase name="getOrderItemById_NotFound()" classname="com.ecommerce.service.OrderItemServiceTest" time="0.006"/>
  <testcase name="getAllOrderItems()" classname="com.ecommerce.service.OrderItemServiceTest" time="0.003"/>
  <testcase name="deleteOrderItem_NotFound()" classname="com.ecommerce.service.OrderItemServiceTest" time="0.004"/>
  <testcase name="deleteOrderItem()" classname="com.ecommerce.service.OrderItemServiceTest" time="0.005"/>
  <testcase name="updateOrderItem()" classname="com.ecommerce.service.OrderItemServiceTest" time="0.005"/>
  <testcase name="updateOrderItem_NotFound()" classname="com.ecommerce.service.OrderItemServiceTest" time="0.005"/>
  <testcase name="getOrderItemById()" classname="com.ecommerce.service.OrderItemServiceTest" time="0.003"/>
  <system-out><![CDATA[]]></system-out>
  <system-err><![CDATA[]]></system-err>
</testsuite>
