<?xml version="1.0" encoding="UTF-8"?>
<testsuite name="com.ecommerce.controller.OrderItemControllerTest" tests="5" skipped="0" failures="0" errors="0" timestamp="2024-08-01T17:38:41" hostname="LAPTOP-8K6PD1RG" time="0.088">
  <properties/>
  <testcase name="createOrderItem()" classname="com.ecommerce.controller.OrderItemControllerTest" time="0.033"/>
  <testcase name="getAllOrderItems()" classname="com.ecommerce.controller.OrderItemControllerTest" time="0.013"/>
  <testcase name="deleteOrderItem()" classname="com.ecommerce.controller.OrderItemControllerTest" time="0.009"/>
  <testcase name="updateOrderItem()" classname="com.ecommerce.controller.OrderItemControllerTest" time="0.014"/>
  <testcase name="getOrderItemById()" classname="com.ecommerce.controller.OrderItemControllerTest" time="0.013"/>
  <system-out><![CDATA[2024-08-01T12:38:41.053-05:00  INFO 2348 --- [    Test worker] t.c.s.AnnotationConfigContextLoaderUtils : Could not detect default configuration classes for test class [com.ecommerce.controller.OrderItemControllerTest]: OrderItemControllerTest does not declare any static, non-private, non-final, nested classes annotated with @Configuration.
2024-08-01T12:38:41.060-05:00  INFO 2348 --- [    Test worker] .b.t.c.SpringBootTestContextBootstrapper : Found @SpringBootConfiguration com.ecommerce.EcommercePlatformApplication for test class com.ecommerce.controller.OrderItemControllerTest

  .   ____          _            __ _ _
 /\\ / ___'_ __ _ _(_)_ __  __ _ \ \ \ \
( ( )\___ | '_ | '_| | '_ \/ _` | \ \ \ \
 \\/  ___)| |_)| | | | | || (_| |  ) ) ) )
  '  |____| .__|_| |_|_| |_\__, | / / / /
 =========|_|==============|___/=/_/_/_/
 :: Spring Boot ::                (v3.1.2)

2024-08-01T12:38:41.097-05:00  INFO 2348 --- [    Test worker] c.e.controller.OrderItemControllerTest   : Starting OrderItemControllerTest using Java 21 with PID 2348 (started by USUARIO in C:\Users\USUARIO\Documents\AgileEngine\ecommerce-platform\ecommerce-platform)
2024-08-01T12:38:41.097-05:00  INFO 2348 --- [    Test worker] c.e.controller.OrderItemControllerTest   : No active profile set, falling back to 1 default profile: "default"
2024-08-01T12:38:41.431-05:00  INFO 2348 --- [    Test worker] o.s.b.t.m.w.SpringBootMockServletContext : Initializing Spring TestDispatcherServlet ''
2024-08-01T12:38:41.432-05:00  INFO 2348 --- [    Test worker] o.s.t.web.servlet.TestDispatcherServlet  : Initializing Servlet ''
2024-08-01T12:38:41.432-05:00  INFO 2348 --- [    Test worker] o.s.t.web.servlet.TestDispatcherServlet  : Completed initialization in 0 ms
2024-08-01T12:38:41.438-05:00  INFO 2348 --- [    Test worker] c.e.controller.OrderItemControllerTest   : Started OrderItemControllerTest in 0.374 seconds (process running for 6.276)
2024-08-01T12:38:41.449-05:00  INFO 2348 --- [    Test worker] o.s.mock.web.MockServletContext          : Initializing Spring TestDispatcherServlet ''
2024-08-01T12:38:41.449-05:00  INFO 2348 --- [    Test worker] o.s.t.web.servlet.TestDispatcherServlet  : Initializing Servlet ''
2024-08-01T12:38:41.450-05:00  INFO 2348 --- [    Test worker] o.s.t.web.servlet.TestDispatcherServlet  : Completed initialization in 0 ms
2024-08-01T12:38:41.481-05:00  INFO 2348 --- [    Test worker] o.s.mock.web.MockServletContext          : Initializing Spring TestDispatcherServlet ''
2024-08-01T12:38:41.481-05:00  INFO 2348 --- [    Test worker] o.s.t.web.servlet.TestDispatcherServlet  : Initializing Servlet ''
2024-08-01T12:38:41.482-05:00  INFO 2348 --- [    Test worker] o.s.t.web.servlet.TestDispatcherServlet  : Completed initialization in 0 ms
2024-08-01T12:38:41.496-05:00  INFO 2348 --- [    Test worker] o.s.mock.web.MockServletContext          : Initializing Spring TestDispatcherServlet ''
2024-08-01T12:38:41.496-05:00  INFO 2348 --- [    Test worker] o.s.t.web.servlet.TestDispatcherServlet  : Initializing Servlet ''
2024-08-01T12:38:41.496-05:00  INFO 2348 --- [    Test worker] o.s.t.web.servlet.TestDispatcherServlet  : Completed initialization in 0 ms
2024-08-01T12:38:41.507-05:00  INFO 2348 --- [    Test worker] o.s.mock.web.MockServletContext          : Initializing Spring TestDispatcherServlet ''
2024-08-01T12:38:41.507-05:00  INFO 2348 --- [    Test worker] o.s.t.web.servlet.TestDispatcherServlet  : Initializing Servlet ''
2024-08-01T12:38:41.508-05:00  INFO 2348 --- [    Test worker] o.s.t.web.servlet.TestDispatcherServlet  : Completed initialization in 0 ms
2024-08-01T12:38:41.522-05:00  INFO 2348 --- [    Test worker] o.s.mock.web.MockServletContext          : Initializing Spring TestDispatcherServlet ''
2024-08-01T12:38:41.523-05:00  INFO 2348 --- [    Test worker] o.s.t.web.servlet.TestDispatcherServlet  : Initializing Servlet ''
2024-08-01T12:38:41.524-05:00  INFO 2348 --- [    Test worker] o.s.t.web.servlet.TestDispatcherServlet  : Completed initialization in 1 ms
]]></system-out>
  <system-err><![CDATA[]]></system-err>
</testsuite>
