<?xml version="1.0" encoding="UTF-8"?>
<testsuite name="com.ecommerce.controller.OrderControllerTest" tests="5" skipped="0" failures="0" errors="0" timestamp="2024-08-01T17:38:40" hostname="LAPTOP-8K6PD1RG" time="0.461">
  <properties/>
  <testcase name="deleteOrder()" classname="com.ecommerce.controller.OrderControllerTest" time="0.228"/>
  <testcase name="updateOrder()" classname="com.ecommerce.controller.OrderControllerTest" time="0.178"/>
  <testcase name="getAllOrders()" classname="com.ecommerce.controller.OrderControllerTest" time="0.021"/>
  <testcase name="createOrder()" classname="com.ecommerce.controller.OrderControllerTest" time="0.012"/>
  <testcase name="getOrderById()" classname="com.ecommerce.controller.OrderControllerTest" time="0.011"/>
  <system-out><![CDATA[12:38:36.527 [Test worker] INFO org.springframework.test.context.support.AnnotationConfigContextLoaderUtils -- Could not detect default configuration classes for test class [com.ecommerce.controller.OrderControllerTest]: OrderControllerTest does not declare any static, non-private, non-final, nested classes annotated with @Configuration.
12:38:36.864 [Test worker] INFO org.springframework.boot.test.context.SpringBootTestContextBootstrapper -- Found @SpringBootConfiguration com.ecommerce.EcommercePlatformApplication for test class com.ecommerce.controller.OrderControllerTest

  .   ____          _            __ _ _
 /\\ / ___'_ __ _ _(_)_ __  __ _ \ \ \ \
( ( )\___ | '_ | '_| | '_ \/ _` | \ \ \ \
 \\/  ___)| |_)| | | | | || (_| |  ) ) ) )
  '  |____| .__|_| |_|_| |_\__, | / / / /
 =========|_|==============|___/=/_/_/_/
 :: Spring Boot ::                (v3.1.2)

2024-08-01T12:38:37.475-05:00  INFO 2348 --- [    Test worker] c.e.controller.OrderControllerTest       : Starting OrderControllerTest using Java 21 with PID 2348 (started by USUARIO in C:\Users\USUARIO\Documents\AgileEngine\ecommerce-platform\ecommerce-platform)
2024-08-01T12:38:37.478-05:00  INFO 2348 --- [    Test worker] c.e.controller.OrderControllerTest       : No active profile set, falling back to 1 default profile: "default"
2024-08-01T12:38:40.491-05:00  INFO 2348 --- [    Test worker] o.s.b.t.m.w.SpringBootMockServletContext : Initializing Spring TestDispatcherServlet ''
2024-08-01T12:38:40.492-05:00  INFO 2348 --- [    Test worker] o.s.t.web.servlet.TestDispatcherServlet  : Initializing Servlet ''
2024-08-01T12:38:40.497-05:00  INFO 2348 --- [    Test worker] o.s.t.web.servlet.TestDispatcherServlet  : Completed initialization in 2 ms
2024-08-01T12:38:40.557-05:00  INFO 2348 --- [    Test worker] c.e.controller.OrderControllerTest       : Started OrderControllerTest in 3.531 seconds (process running for 5.394)
2024-08-01T12:38:40.639-05:00  INFO 2348 --- [    Test worker] o.s.mock.web.MockServletContext          : Initializing Spring TestDispatcherServlet ''
2024-08-01T12:38:40.639-05:00  INFO 2348 --- [    Test worker] o.s.t.web.servlet.TestDispatcherServlet  : Initializing Servlet ''
2024-08-01T12:38:40.640-05:00  INFO 2348 --- [    Test worker] o.s.t.web.servlet.TestDispatcherServlet  : Completed initialization in 1 ms
2024-08-01T12:38:40.824-05:00  INFO 2348 --- [    Test worker] o.s.mock.web.MockServletContext          : Initializing Spring TestDispatcherServlet ''
2024-08-01T12:38:40.825-05:00  INFO 2348 --- [    Test worker] o.s.t.web.servlet.TestDispatcherServlet  : Initializing Servlet ''
2024-08-01T12:38:40.825-05:00  INFO 2348 --- [    Test worker] o.s.t.web.servlet.TestDispatcherServlet  : Completed initialization in 0 ms
2024-08-01T12:38:41.002-05:00  INFO 2348 --- [    Test worker] o.s.mock.web.MockServletContext          : Initializing Spring TestDispatcherServlet ''
2024-08-01T12:38:41.004-05:00  INFO 2348 --- [    Test worker] o.s.t.web.servlet.TestDispatcherServlet  : Initializing Servlet ''
2024-08-01T12:38:41.004-05:00  INFO 2348 --- [    Test worker] o.s.t.web.servlet.TestDispatcherServlet  : Completed initialization in 0 ms
2024-08-01T12:38:41.025-05:00  INFO 2348 --- [    Test worker] o.s.mock.web.MockServletContext          : Initializing Spring TestDispatcherServlet ''
2024-08-01T12:38:41.025-05:00  INFO 2348 --- [    Test worker] o.s.t.web.servlet.TestDispatcherServlet  : Initializing Servlet ''
2024-08-01T12:38:41.025-05:00  INFO 2348 --- [    Test worker] o.s.t.web.servlet.TestDispatcherServlet  : Completed initialization in 0 ms
2024-08-01T12:38:41.038-05:00  INFO 2348 --- [    Test worker] o.s.mock.web.MockServletContext          : Initializing Spring TestDispatcherServlet ''
2024-08-01T12:38:41.038-05:00  INFO 2348 --- [    Test worker] o.s.t.web.servlet.TestDispatcherServlet  : Initializing Servlet ''
2024-08-01T12:38:41.039-05:00  INFO 2348 --- [    Test worker] o.s.t.web.servlet.TestDispatcherServlet  : Completed initialization in 0 ms
]]></system-out>
  <system-err><![CDATA[WARNING: A Java agent has been loaded dynamically (C:\Users\USUARIO\.gradle\caches\modules-2\files-2.1\net.bytebuddy\byte-buddy-agent\1.14.5\20f4e9b9d0ffb953657bfa4b92c0cceb27907d58\byte-buddy-agent-1.14.5.jar)
WARNING: If a serviceability tool is in use, please run with -XX:+EnableDynamicAgentLoading to hide this warning
WARNING: If a serviceability tool is not in use, please run with -Djdk.instrument.traceUsage for more information
WARNING: Dynamic loading of agents will be disallowed by default in a future release
]]></system-err>
</testsuite>
