<?xml version="1.0" encoding="UTF-8"?>
<testsuite name="com.ecommerce.service.ProductServiceTest" tests="7" skipped="0" failures="0" errors="0" timestamp="2024-08-01T17:38:42" hostname="LAPTOP-8K6PD1RG" time="0.086">
  <properties/>
  <testcase name="getProductById()" classname="com.ecommerce.service.ProductServiceTest" time="0.068"/>
  <testcase name="updateProduct()" classname="com.ecommerce.service.ProductServiceTest" time="0.003"/>
  <testcase name="getAllProducts()" classname="com.ecommerce.service.ProductServiceTest" time="0.002"/>
  <testcase name="deleteProduct()" classname="com.ecommerce.service.ProductServiceTest" time="0.002"/>
  <testcase name="getProductById_NotFound()" classname="com.ecommerce.service.ProductServiceTest" time="0.002"/>
  <testcase name="updateProduct_NotFound()" classname="com.ecommerce.service.ProductServiceTest" time="0.003"/>
  <testcase name="createProduct()" classname="com.ecommerce.service.ProductServiceTest" time="0.002"/>
  <system-out><![CDATA[]]></system-out>
  <system-err><![CDATA[]]></system-err>
</testsuite>
