<?xml version="1.0" encoding="UTF-8"?>
<testsuite name="com.ecommerce.controller.ProductControllerTest" tests="5" skipped="0" failures="0" errors="0" timestamp="2024-08-01T17:38:41" hostname="LAPTOP-8K6PD1RG" time="0.071">
  <properties/>
  <testcase name="getProductById()" classname="com.ecommerce.controller.ProductControllerTest" time="0.016"/>
  <testcase name="updateProduct()" classname="com.ecommerce.controller.ProductControllerTest" time="0.016"/>
  <testcase name="getAllProducts()" classname="com.ecommerce.controller.ProductControllerTest" time="0.011"/>
  <testcase name="deleteProduct()" classname="com.ecommerce.controller.ProductControllerTest" time="0.009"/>
  <testcase name="createProduct()" classname="com.ecommerce.controller.ProductControllerTest" time="0.012"/>
  <system-out><![CDATA[2024-08-01T12:38:41.534-05:00  INFO 2348 --- [    Test worker] t.c.s.AnnotationConfigContextLoaderUtils : Could not detect default configuration classes for test class [com.ecommerce.controller.ProductControllerTest]: ProductControllerTest does not declare any static, non-private, non-final, nested classes annotated with @Configuration.
2024-08-01T12:38:41.541-05:00  INFO 2348 --- [    Test worker] .b.t.c.SpringBootTestContextBootstrapper : Found @SpringBootConfiguration com.ecommerce.EcommercePlatformApplication for test class com.ecommerce.controller.ProductControllerTest

  .   ____          _            __ _ _
 /\\ / ___'_ __ _ _(_)_ __  __ _ \ \ \ \
( ( )\___ | '_ | '_| | '_ \/ _` | \ \ \ \
 \\/  ___)| |_)| | | | | || (_| |  ) ) ) )
  '  |____| .__|_| |_|_| |_\__, | / / / /
 =========|_|==============|___/=/_/_/_/
 :: Spring Boot ::                (v3.1.2)

2024-08-01T12:38:41.575-05:00  INFO 2348 --- [    Test worker] c.e.controller.ProductControllerTest     : Starting ProductControllerTest using Java 21 with PID 2348 (started by USUARIO in C:\Users\USUARIO\Documents\AgileEngine\ecommerce-platform\ecommerce-platform)
2024-08-01T12:38:41.575-05:00  INFO 2348 --- [    Test worker] c.e.controller.ProductControllerTest     : No active profile set, falling back to 1 default profile: "default"
2024-08-01T12:38:41.867-05:00  INFO 2348 --- [    Test worker] o.s.b.t.m.w.SpringBootMockServletContext : Initializing Spring TestDispatcherServlet ''
2024-08-01T12:38:41.867-05:00  INFO 2348 --- [    Test worker] o.s.t.web.servlet.TestDispatcherServlet  : Initializing Servlet ''
2024-08-01T12:38:41.868-05:00  INFO 2348 --- [    Test worker] o.s.t.web.servlet.TestDispatcherServlet  : Completed initialization in 1 ms
2024-08-01T12:38:41.874-05:00  INFO 2348 --- [    Test worker] c.e.controller.ProductControllerTest     : Started ProductControllerTest in 0.33 seconds (process running for 6.711)
2024-08-01T12:38:41.884-05:00  INFO 2348 --- [    Test worker] o.s.mock.web.MockServletContext          : Initializing Spring TestDispatcherServlet ''
2024-08-01T12:38:41.884-05:00  INFO 2348 --- [    Test worker] o.s.t.web.servlet.TestDispatcherServlet  : Initializing Servlet ''
2024-08-01T12:38:41.884-05:00  INFO 2348 --- [    Test worker] o.s.t.web.servlet.TestDispatcherServlet  : Completed initialization in 0 ms
2024-08-01T12:38:41.900-05:00  INFO 2348 --- [    Test worker] o.s.mock.web.MockServletContext          : Initializing Spring TestDispatcherServlet ''
2024-08-01T12:38:41.901-05:00  INFO 2348 --- [    Test worker] o.s.t.web.servlet.TestDispatcherServlet  : Initializing Servlet ''
2024-08-01T12:38:41.901-05:00  INFO 2348 --- [    Test worker] o.s.t.web.servlet.TestDispatcherServlet  : Completed initialization in 0 ms
2024-08-01T12:38:41.917-05:00  INFO 2348 --- [    Test worker] o.s.mock.web.MockServletContext          : Initializing Spring TestDispatcherServlet ''
2024-08-01T12:38:41.918-05:00  INFO 2348 --- [    Test worker] o.s.t.web.servlet.TestDispatcherServlet  : Initializing Servlet ''
2024-08-01T12:38:41.918-05:00  INFO 2348 --- [    Test worker] o.s.t.web.servlet.TestDispatcherServlet  : Completed initialization in 0 ms
2024-08-01T12:38:41.930-05:00  INFO 2348 --- [    Test worker] o.s.mock.web.MockServletContext          : Initializing Spring TestDispatcherServlet ''
2024-08-01T12:38:41.930-05:00  INFO 2348 --- [    Test worker] o.s.t.web.servlet.TestDispatcherServlet  : Initializing Servlet ''
2024-08-01T12:38:41.930-05:00  INFO 2348 --- [    Test worker] o.s.t.web.servlet.TestDispatcherServlet  : Completed initialization in 0 ms
2024-08-01T12:38:41.940-05:00  INFO 2348 --- [    Test worker] o.s.mock.web.MockServletContext          : Initializing Spring TestDispatcherServlet ''
2024-08-01T12:38:41.940-05:00  INFO 2348 --- [    Test worker] o.s.t.web.servlet.TestDispatcherServlet  : Initializing Servlet ''
2024-08-01T12:38:41.941-05:00  INFO 2348 --- [    Test worker] o.s.t.web.servlet.TestDispatcherServlet  : Completed initialization in 1 ms
]]></system-out>
  <system-err><![CDATA[]]></system-err>
</testsuite>
